<?xml version="1.0" encoding="UTF-8"?>
<testng-results ignored="0" total="2" passed="2" failed="0" skipped="0">
  <reporter-output>
  </reporter-output>
  <suite started-at="2020-10-16T04:08:16 IST" name="Default suite" finished-at="2020-10-16T04:08:37 IST" duration-ms="20511">
    <groups>
    </groups>
    <test started-at="2020-10-16T04:08:16 IST" name="Default test" finished-at="2020-10-16T04:08:37 IST" duration-ms="20511">
      <class name="seleniumtest.Seleniumtest">
        <test-method signature="LaunchBrowser()[pri:1, instance:seleniumtest.Seleniumtest@63a12c68]" started-at="2020-10-16T04:08:16 IST" name="LaunchBrowser" finished-at="2020-10-16T04:08:29 IST" duration-ms="12950" status="PASS">
          <reporter-output>
          </reporter-output>
        </test-method> <!-- LaunchBrowser -->
        <test-method signature="amazon()[pri:2, instance:seleniumtest.Seleniumtest@63a12c68]" started-at="2020-10-16T04:08:29 IST" name="amazon" finished-at="2020-10-16T04:08:37 IST" duration-ms="7498" status="PASS">
          <reporter-output>
          </reporter-output>
        </test-method> <!-- amazon -->
      </class> <!-- seleniumtest.Seleniumtest -->
    </test> <!-- Default test -->
  </suite> <!-- Default suite -->
</testng-results>
